  CustomParameters.cpp
D:\ffgl-master(2)\ffgl-master\source\plugins\CustomParameters\CustomParameters.cpp(66,61): warning C4244: 'argument': conversion from 'int' to 'float', possible loss of data
D:\ffgl-master(2)\ffgl-master\source\plugins\CustomParameters\CustomParameters.cpp(152,3): warning C4996: 'sprintf': This function or variable may be unsafe. Consider using sprintf_s instead. To disable deprecation, use _CRT_SECURE_NO_WARNINGS. See online help for details.
D:\ffgl-master(2)\ffgl-master\source\plugins\CustomParameters\CustomParameters.cpp(155,3): warning C4996: 'sprintf': This function or variable may be unsafe. Consider using sprintf_s instead. To disable deprecation, use _CRT_SECURE_NO_WARNINGS. See online help for details.
D:\ffgl-master(2)\ffgl-master\source\plugins\CustomParameters\CustomParameters.cpp(158,3): warning C4996: 'sprintf': This function or variable may be unsafe. Consider using sprintf_s instead. To disable deprecation, use _CRT_SECURE_NO_WARNINGS. See online help for details.
D:\ffgl-master(2)\ffgl-master\source\plugins\CustomParameters\CustomParameters.cpp(161,3): warning C4996: 'sprintf': This function or variable may be unsafe. Consider using sprintf_s instead. To disable deprecation, use _CRT_SECURE_NO_WARNINGS. See online help for details.
D:\ffgl-master(2)\ffgl-master\source\plugins\CustomParameters\CustomParameters.cpp(164,3): warning C4996: 'sprintf': This function or variable may be unsafe. Consider using sprintf_s instead. To disable deprecation, use _CRT_SECURE_NO_WARNINGS. See online help for details.
D:\ffgl-master(2)\ffgl-master\source\plugins\CustomParameters\CustomParameters.cpp(167,3): warning C4996: 'sprintf': This function or variable may be unsafe. Consider using sprintf_s instead. To disable deprecation, use _CRT_SECURE_NO_WARNINGS. See online help for details.
D:\ffgl-master(2)\ffgl-master\source\plugins\CustomParameters\CustomParameters.cpp(170,3): warning C4996: 'sprintf': This function or variable may be unsafe. Consider using sprintf_s instead. To disable deprecation, use _CRT_SECURE_NO_WARNINGS. See online help for details.
D:\ffgl-master(2)\ffgl-master\source\plugins\CustomParameters\CustomParameters.cpp(173,3): warning C4996: 'sprintf': This function or variable may be unsafe. Consider using sprintf_s instead. To disable deprecation, use _CRT_SECURE_NO_WARNINGS. See online help for details.
D:\ffgl-master(2)\ffgl-master\source\plugins\CustomParameters\CustomParameters.cpp(176,3): warning C4996: 'sprintf': This function or variable may be unsafe. Consider using sprintf_s instead. To disable deprecation, use _CRT_SECURE_NO_WARNINGS. See online help for details.
D:\ffgl-master(2)\ffgl-master\source\plugins\CustomParameters\CustomParameters.cpp(179,3): warning C4996: 'sprintf': This function or variable may be unsafe. Consider using sprintf_s instead. To disable deprecation, use _CRT_SECURE_NO_WARNINGS. See online help for details.
D:\ffgl-master(2)\ffgl-master\source\plugins\CustomParameters\CustomParameters.cpp(182,3): warning C4996: 'sprintf': This function or variable may be unsafe. Consider using sprintf_s instead. To disable deprecation, use _CRT_SECURE_NO_WARNINGS. See online help for details.
D:\ffgl-master(2)\ffgl-master\source\plugins\CustomParameters\CustomParameters.cpp(185,3): warning C4996: 'sprintf': This function or variable may be unsafe. Consider using sprintf_s instead. To disable deprecation, use _CRT_SECURE_NO_WARNINGS. See online help for details.
D:\ffgl-master(2)\ffgl-master\source\plugins\CustomParameters\CustomParameters.cpp(188,3): warning C4996: 'sprintf': This function or variable may be unsafe. Consider using sprintf_s instead. To disable deprecation, use _CRT_SECURE_NO_WARNINGS. See online help for details.
D:\ffgl-master(2)\ffgl-master\source\plugins\CustomParameters\CustomParameters.cpp(191,3): warning C4996: 'sprintf': This function or variable may be unsafe. Consider using sprintf_s instead. To disable deprecation, use _CRT_SECURE_NO_WARNINGS. See online help for details.
D:\ffgl-master(2)\ffgl-master\source\plugins\CustomParameters\CustomParameters.cpp(235,36): warning C4244: '=': conversion from 'double' to 'float', possible loss of data
D:\ffgl-master(2)\ffgl-master\source\plugins\CustomParameters\CustomParameters.cpp(261,10): warning C4244: 'return': conversion from 'int' to 'float', possible loss of data
     Creating library ..\..\binaries\x64\Debug\CustomParameters.lib and object ..\..\binaries\x64\Debug\CustomParameters.exp
LINK : warning LNK4098: defaultlib 'LIBCMT' conflicts with use of other libs; use /NODEFAULTLIB:library
glew32s.lib(glew.obj) : warning LNK4099: PDB 'vc120.pdb' was not found with 'glew32s.lib(glew.obj)' or at 'D:\ffgl-master(2)\ffgl-master\binaries\x64\Debug\vc120.pdb'; linking object as if no debug info
  CustomParameters.vcxproj -> D:\ffgl-master(2)\ffgl-master\binaries\x64\Debug\CustomParameters.dll
