d:\ffgl-master(2)\ffgl-master\build\windows\x64\debug\customparameters\vc142.pdb
d:\ffgl-master(2)\ffgl-master\build\windows\x64\debug\customparameters\ffglparamrange.obj
d:\ffgl-master(2)\ffgl-master\build\windows\x64\debug\customparameters\ffglparamoption.obj
d:\ffgl-master(2)\ffgl-master\build\windows\x64\debug\customparameters\ffglparamfft.obj
d:\ffgl-master(2)\ffgl-master\build\windows\x64\debug\customparameters\ffglparamevent.obj
d:\ffgl-master(2)\ffgl-master\build\windows\x64\debug\customparameters\ffglparambool.obj
d:\ffgl-master(2)\ffgl-master\build\windows\x64\debug\customparameters\ffglparam.obj
d:\ffgl-master(2)\ffgl-master\build\windows\x64\debug\customparameters\ffglmixer.obj
d:\ffgl-master(2)\ffgl-master\build\windows\x64\debug\customparameters\ffgleffect.obj
d:\ffgl-master(2)\ffgl-master\build\windows\x64\debug\customparameters\ffglaudio.obj
d:\ffgl-master(2)\ffgl-master\build\windows\x64\debug\customparameters\ffglutilities.obj
d:\ffgl-master(2)\ffgl-master\build\windows\x64\debug\customparameters\ffglshader.obj
d:\ffgl-master(2)\ffgl-master\build\windows\x64\debug\customparameters\ffglscreenquad.obj
d:\ffgl-master(2)\ffgl-master\build\windows\x64\debug\customparameters\ffglscopedvaobinding.obj
d:\ffgl-master(2)\ffgl-master\build\windows\x64\debug\customparameters\ffglscopedtexturebinding.obj
d:\ffgl-master(2)\ffgl-master\build\windows\x64\debug\customparameters\ffglscopedshaderbinding.obj
d:\ffgl-master(2)\ffgl-master\build\windows\x64\debug\customparameters\ffglscopedsampleractivation.obj
d:\ffgl-master(2)\ffgl-master\build\windows\x64\debug\customparameters\ffglscopedrenderbufferbinding.obj
d:\ffgl-master(2)\ffgl-master\build\windows\x64\debug\customparameters\ffglscopedfbobinding.obj
d:\ffgl-master(2)\ffgl-master\build\windows\x64\debug\customparameters\ffglscopedbufferbinding.obj
d:\ffgl-master(2)\ffgl-master\build\windows\x64\debug\customparameters\ffglfbo.obj
d:\ffgl-master(2)\ffgl-master\build\windows\x64\debug\customparameters\customparameters.obj
d:\ffgl-master(2)\ffgl-master\build\windows\x64\debug\customparameters\ffglthumbnailinfo.obj
d:\ffgl-master(2)\ffgl-master\build\windows\x64\debug\customparameters\ffglpluginsdk.obj
d:\ffgl-master(2)\ffgl-master\build\windows\x64\debug\customparameters\ffglpluginmanager.obj
d:\ffgl-master(2)\ffgl-master\build\windows\x64\debug\customparameters\ffglplugininfodata.obj
d:\ffgl-master(2)\ffgl-master\build\windows\x64\debug\customparameters\ffglplugininfo.obj
d:\ffgl-master(2)\ffgl-master\build\windows\x64\debug\customparameters\ffgllog.obj
d:\ffgl-master(2)\ffgl-master\build\windows\x64\debug\customparameters\ffgl.obj
d:\ffgl-master(2)\ffgl-master\build\windows\x64\debug\customparameters\ffglsource.obj
d:\ffgl-master(2)\ffgl-master\build\windows\x64\debug\customparameters\ffglsmoothvalue.obj
d:\ffgl-master(2)\ffgl-master\build\windows\x64\debug\customparameters\ffglrandom.obj
d:\ffgl-master(2)\ffgl-master\build\windows\x64\debug\customparameters\ffglplugin.obj
d:\ffgl-master(2)\ffgl-master\build\windows\x64\debug\customparameters\ffglparamtrigger.obj
d:\ffgl-master(2)\ffgl-master\build\windows\x64\debug\customparameters\ffglparamtext.obj
c:\users\maya\downloads\ffgl-master(2)\ffgl-master\binaries\x64\debug\customparameters.lib
c:\users\maya\downloads\ffgl-master(2)\ffgl-master\binaries\x64\debug\customparameters.exp
d:\ffgl-master(2)\ffgl-master\binaries\x64\debug\customparameters.lib
d:\ffgl-master(2)\ffgl-master\binaries\x64\debug\customparameters.exp
d:\ffgl-master(2)\ffgl-master\binaries\x64\debug\customparameters.dll
d:\ffgl-master(2)\ffgl-master\binaries\x64\debug\customparameters.pdb
d:\ffgl-master(2)\ffgl-master\build\windows\x64\debug\customparameters\customparameters.tlog\cl.command.1.tlog
d:\ffgl-master(2)\ffgl-master\build\windows\x64\debug\customparameters\customparameters.tlog\cl.read.1.tlog
d:\ffgl-master(2)\ffgl-master\build\windows\x64\debug\customparameters\customparameters.tlog\cl.write.1.tlog
d:\ffgl-master(2)\ffgl-master\build\windows\x64\debug\customparameters\customparameters.tlog\customparameters.write.1u.tlog
d:\ffgl-master(2)\ffgl-master\build\windows\x64\debug\customparameters\customparameters.tlog\link.command.1.tlog
d:\ffgl-master(2)\ffgl-master\build\windows\x64\debug\customparameters\customparameters.tlog\link.read.1.tlog
d:\ffgl-master(2)\ffgl-master\build\windows\x64\debug\customparameters\customparameters.tlog\link.write.1.tlog
